## Mon Aug 16 13:25:11 EDT 2021 ##
Already up to date.
## Mon Aug 16 13:26:33 EDT 2021 ##
Already up to date.
## Mon Aug 16 13:28:56 EDT 2021 ##
Already up to date.
## Mon Aug 16 13:31:27 EDT 2021 ##
Already up to date.
## Mon Aug 16 13:33:09 EDT 2021 ##
Already up to date.
## Mon Aug 16 13:34:15 EDT 2021 ##
Already up to date.
## Mon Aug 16 13:36:24 EDT 2021 ##
Already up to date.
## Mon Aug 16 13:37:18 EDT 2021 ##
Already up to date.
:: Synchronizing package databases...
 core downloading...
 extra downloading...
 community downloading...
:: Starting full system upgrade...
 there is nothing to do
## Fri Sep 10 11:54:53 AM EDT 2021 ##
Already up to date.
:: Synchronizing package databases...
 core downloading...
 extra downloading...
 community downloading...
 multilib downloading...
:: Starting full system upgrade...
resolving dependencies...
looking for conflicting packages...

Packages (96) aom-3.1.2-2  archlinux-keyring-20210902-1  audit-3.0.4-1  avahi-0.8+22+gfd482a7-1  bubblewrap-0.5.0-1  ca-certificates-mozilla-3.70-1  chromium-93.0.4577.63-1  cryptsetup-2.4.0-1  dav1d-0.9.2-1  e2fsprogs-1.46.4-1  enchant-2.3.1-1  firefox-92.0-1  freetype2-2.11.0-3  geoclue-2.5.7-4  git-2.33.0-1  glib-networking-1:2.68.2-1  glib2-2.68.4-1  glib2-docs-2.68.4-1  glslang-11.6.0-1  gpm-1.20.7.r38.ge82d1a6-4  graphviz-2.49.0-1  gtk-update-icon-cache-1:4.4.0-1  gvim-8.2.3412-1  gzip-1.11-1  harfbuzz-2.9.1-1  harfbuzz-icu-2.9.1-1  iproute2-5.14.0-1  iso-codes-4.7.0-1  js78-78.14.0-1  json-glib-1.6.6-1  krb5-1.19.2-1  lib32-e2fsprogs-1.46.4-1  lib32-glu-9.0.2-1  lib32-krb5-1.19.2-1  lib32-libidn2-2.3.2-1  lib32-libxml2-2.9.12-1  lib32-mesa-21.2.1-1  lib32-openssl-1:1.1.1.l-1  lib32-vulkan-icd-loader-1.2.190-1  libarchive-3.5.2-1  libcap-2.53-1  libedit-20210714_3.1-1  libgcrypt-1.9.4-1  libibus-1.5.25-3  libmfx-21.3.2-1  libnsl-2.0.0-1  libplacebo-3.120.3-3  libsamplerate-0.2.2-1  libseccomp-2.5.2-1  libsoup-2.74.0-1  libssh-0.9.6-1  libwacom-1.12-1  libxml2-2.9.12-2  libxslt-1.1.34-6  linux-5.14.2.arch1-2  linux-firmware-20210818.c46b8c3-1  linux-lts-5.10.63-1  llvm-libs-12.0.1-4  mesa-21.2.1-1  meson-0.59.1-1  noto-fonts-cjk-20201206-3  nss-3.70-1  nvidia-470.63.01-7  nvidia-lts-1:470.63.01-5  ocl-icd-2.3.1-1  openssl-1.1.1.l-1  pacman-6.0.1-1  pacman-mirrorlist-20210822-1  pango-1:1.48.9-2  perl-http-daemon-6.12-1  perl-libwww-6.56-1  python-3.9.7-1  python-cairo-1.20.1-1  python-packaging-20.9-2  python-setuptools-1:57.4.0-2  qt5-base-5.15.2+kde+r222-2  qt5-declarative-5.15.2+kde+r30-1  qt5-webengine-5.15.6-1  re2-1:20210901-1  run-parts-5.4-1  shaderc-2021.1-2  snappy-1.1.9-1  systemd-249.4-1  systemd-libs-249.4-1  systemd-sysvcompat-249.4-1  tzdata-2021a-2  unclutter-1:1.6-1  util-linux-2.37.2-1  util-linux-libs-2.37.2-1  vim-runtime-8.2.3412-1  vulkan-icd-loader-1.2.190-1  wayland-protocols-1.22-1  wget-1.21.2-1  xorg-xrdb-1.2.1-1  xscreensaver-6.01-1  zimg-3.0.3-1

Total Download Size:    970.75 MiB
Total Installed Size:  2786.89 MiB
Net Upgrade Size:        13.72 MiB

:: Proceed with installation? [Y/n] 
:: Retrieving packages...
 tzdata-2021a-2-x86_64 downloading...
 aom-3.1.2-2-x86_64 downloading...
 archlinux-keyring-20210902-1-any downloading...
 util-linux-libs-2.37.2-1-x86_64 downloading...
 e2fsprogs-1.46.4-1-x86_64 downloading...
 openssl-1.1.1.l-1-x86_64 downloading...
 krb5-1.19.2-1-x86_64 downloading...
 audit-3.0.4-1-x86_64 downloading...
 glib2-2.68.4-1-x86_64 downloading...
 libcap-2.53-1-x86_64 downloading...
 libgcrypt-1.9.4-1-x86_64 downloading...
 systemd-libs-249.4-1-x86_64 downloading...
 avahi-0.8+22+gfd482a7-1-x86_64 downloading...
 bubblewrap-0.5.0-1-x86_64 downloading...
 ca-certificates-mozilla-3.70-1-x86_64 downloading...
 nss-3.70-1-x86_64 downloading...
 cryptsetup-2.4.0-1-x86_64 downloading...
 libseccomp-2.5.2-1-x86_64 downloading...
 util-linux-2.37.2-1-x86_64 downloading...
 systemd-249.4-1-x86_64 downloading...
 snappy-1.1.9-1-x86_64 downloading...
 libxml2-2.9.12-2-x86_64 downloading...
 freetype2-2.11.0-3-x86_64 downloading...
 harfbuzz-2.9.1-1-x86_64 downloading...
 re2-1:20210901-1-x86_64 downloading...
 libxslt-1.1.34-6-x86_64 downloading...
 dav1d-0.9.2-1-x86_64 downloading...
 libmfx-21.3.2-1-x86_64 downloading...
 libssh-0.9.6-1-x86_64 downloading...
 zimg-3.0.3-1-x86_64 downloading...
 libedit-20210714_3.1-1-x86_64 downloading...
 llvm-libs-12.0.1-4-x86_64 downloading...
 vulkan-icd-loader-1.2.190-1-x86_64 downloading...
 mesa-21.2.1-1-x86_64 downloading...
 libwacom-1.12-1-x86_64 downloading...
 pango-1:1.48.9-2-x86_64 downloading...
 libsamplerate-0.2.2-1-x86_64 downloading...
 libibus-1.5.25-3-x86_64 downloading...
 json-glib-1.6.6-1-x86_64 downloading...
 gtk-update-icon-cache-1:4.4.0-1-x86_64 downloading...
 iso-codes-4.7.0-1-any downloading...
 wayland-protocols-1.22-1-any downloading...
 glib-networking-1:2.68.2-1-x86_64 downloading...
 libsoup-2.74.0-1-x86_64 downloading...
 chromium-93.0.4577.63-1-x86_64 downloading...
 enchant-2.3.1-1-x86_64 downloading...
 firefox-92.0-1-x86_64 downloading...
 geoclue-2.5.7-4-x86_64 downloading...
 git-2.33.0-1-x86_64 downloading...
 glib2-docs-2.68.4-1-x86_64 downloading...
 libnsl-2.0.0-1-x86_64 downloading...
 python-3.9.7-1-x86_64 downloading...
 glslang-11.6.0-1-x86_64 downloading...
 gpm-1.20.7.r38.ge82d1a6-4-x86_64 downloading...
 run-parts-5.4-1-x86_64 downloading...
 graphviz-2.49.0-1-x86_64 downloading...
 vim-runtime-8.2.3412-1-x86_64 downloading...
 gvim-8.2.3412-1-x86_64 downloading...
 gzip-1.11-1-x86_64 downloading...
 harfbuzz-icu-2.9.1-1-x86_64 downloading...
 iproute2-5.14.0-1-x86_64 downloading...
 js78-78.14.0-1-x86_64 downloading...
 lib32-e2fsprogs-1.46.4-1-x86_64 downloading...
 lib32-vulkan-icd-loader-1.2.190-1-x86_64 downloading...
 lib32-openssl-1:1.1.1.l-1-x86_64 downloading...
 lib32-krb5-1.19.2-1-x86_64 downloading...
 lib32-libidn2-2.3.2-1-x86_64 downloading...
 lib32-libxml2-2.9.12-1-x86_64 downloading...
 lib32-mesa-21.2.1-1-x86_64 downloading...
 lib32-glu-9.0.2-1-x86_64 downloading...
 libarchive-3.5.2-1-x86_64 downloading...
 shaderc-2021.1-2-x86_64 downloading...
 libplacebo-3.120.3-3-x86_64 downloading...
 linux-5.14.2.arch1-2-x86_64 downloading...
 linux-firmware-20210818.c46b8c3-1-any downloading...
 linux-lts-5.10.63-1-x86_64 downloading...
 python-packaging-20.9-2-any downloading...
 python-setuptools-1:57.4.0-2-any downloading...
 meson-0.59.1-1-any downloading...
 noto-fonts-cjk-20201206-3-any downloading...
 nvidia-470.63.01-7-x86_64 downloading...
 nvidia-lts-1:470.63.01-5-x86_64 downloading...
 ocl-icd-2.3.1-1-x86_64 downloading...
 pacman-mirrorlist-20210822-1-any downloading...
 pacman-6.0.1-1-x86_64 downloading...
 perl-http-daemon-6.12-1-any downloading...
 perl-libwww-6.56-1-any downloading...
 python-cairo-1.20.1-1-x86_64 downloading...
 qt5-base-5.15.2+kde+r222-2-x86_64 downloading...
 qt5-declarative-5.15.2+kde+r30-1-x86_64 downloading...
 qt5-webengine-5.15.6-1-x86_64 downloading...
 systemd-sysvcompat-249.4-1-x86_64 downloading...
 unclutter-1:1.6-1-x86_64 downloading...
 wget-1.21.2-1-x86_64 downloading...
 xorg-xrdb-1.2.1-1-x86_64 downloading...
 xscreensaver-6.01-1-x86_64 downloading...
checking keyring...
checking package integrity...
loading package files...
checking for file conflicts...
checking available disk space...
:: Running pre-transaction hooks...
(1/1) Removing linux initcpios...
:: Processing package changes...
upgrading tzdata...
upgrading aom...
upgrading archlinux-keyring...
==> Appending keys from archlinux.gpg...
==> Locally signing trusted keys in keyring...
==> Importing owner trust values...
==> Disabling revoked keys in keyring...
gpg: checking the trustdb
gpg: key 786C63F330D7CB92: no user ID for key signature packet of class 10
gpg: key 786C63F330D7CB92: no user ID for key signature packet of class 10
gpg: key 786C63F330D7CB92: no user ID for key signature packet of class 10
gpg: key 786C63F330D7CB92: no user ID for key signature packet of class 10
gpg: key 786C63F330D7CB92: no user ID for key signature packet of class 10
gpg: key 786C63F330D7CB92: no user ID for key signature packet of class 10
gpg: key 786C63F330D7CB92: no user ID for key signature packet of class 10
gpg: key 786C63F330D7CB92: no user ID for key signature packet of class 10
gpg: key 786C63F330D7CB92: no user ID for key signature packet of class 10
gpg: key 786C63F330D7CB92: no user ID for key signature packet of class 10
gpg: key 786C63F330D7CB92: no user ID for key signature packet of class 10
gpg: key 786C63F330D7CB92: no user ID for key signature packet of class 10
gpg: key 786C63F330D7CB92: no user ID for key signature packet of class 10
gpg: key 786C63F330D7CB92: no user ID for key signature packet of class 10
gpg: key 786C63F330D7CB92: no user ID for key signature packet of class 10
gpg: key 786C63F330D7CB92: no user ID for key signature packet of class 10
gpg: key 786C63F330D7CB92: no user ID for key signature packet of class 10
gpg: key 786C63F330D7CB92: no user ID for key signature packet of class 10
gpg: key 786C63F330D7CB92: no user ID for key signature packet of class 10
gpg: key 786C63F330D7CB92: no user ID for key signature packet of class 10
gpg: key 786C63F330D7CB92: no user ID for key signature packet of class 10
gpg: key 786C63F330D7CB92: no user ID for key signature packet of class 10
gpg: key 786C63F330D7CB92: no user ID for key signature packet of class 10
gpg: key 786C63F330D7CB92: no user ID for key signature packet of class 10
gpg: key 786C63F330D7CB92: no user ID for key signature packet of class 10
gpg: key 786C63F330D7CB92: no user ID for key signature packet of class 10
gpg: key 786C63F330D7CB92: no user ID for key signature packet of class 10
gpg: key 786C63F330D7CB92: no user ID for key signature packet of class 10
gpg: key 1EB2638FF56C0C53: no user ID for key signature packet of class 10
gpg: key 1EB2638FF56C0C53: no user ID for key signature packet of class 10
gpg: marginals needed: 3  completes needed: 1  trust model: pgp
gpg: depth: 0  valid:   1  signed:   6  trust: 0-, 0q, 0n, 0m, 0f, 1u
gpg: depth: 1  valid:   6  signed:  83  trust: 0-, 0q, 0n, 6m, 0f, 0u
gpg: depth: 2  valid:  79  signed:  25  trust: 79-, 0q, 0n, 0m, 0f, 0u
gpg: next trustdb check due at 2021-12-01
gpg: checking the trustdb
gpg: key 786C63F330D7CB92: no user ID for key signature packet of class 10
gpg: key 786C63F330D7CB92: no user ID for key signature packet of class 10
gpg: key 786C63F330D7CB92: no user ID for key signature packet of class 10
gpg: key 786C63F330D7CB92: no user ID for key signature packet of class 10
gpg: key 786C63F330D7CB92: no user ID for key signature packet of class 10
gpg: key 786C63F330D7CB92: no user ID for key signature packet of class 10
gpg: key 786C63F330D7CB92: no user ID for key signature packet of class 10
gpg: key 786C63F330D7CB92: no user ID for key signature packet of class 10
gpg: key 786C63F330D7CB92: no user ID for key signature packet of class 10
gpg: key 786C63F330D7CB92: no user ID for key signature packet of class 10
gpg: key 786C63F330D7CB92: no user ID for key signature packet of class 10
gpg: key 786C63F330D7CB92: no user ID for key signature packet of class 10
gpg: key 786C63F330D7CB92: no user ID for key signature packet of class 10
gpg: key 786C63F330D7CB92: no user ID for key signature packet of class 10
gpg: key 786C63F330D7CB92: no user ID for key signature packet of class 10
gpg: key 786C63F330D7CB92: no user ID for key signature packet of class 10
gpg: key 786C63F330D7CB92: no user ID for key signature packet of class 10
gpg: key 786C63F330D7CB92: no user ID for key signature packet of class 10
gpg: key 786C63F330D7CB92: no user ID for key signature packet of class 10
gpg: key 786C63F330D7CB92: no user ID for key signature packet of class 10
gpg: key 786C63F330D7CB92: no user ID for key signature packet of class 10
gpg: key 786C63F330D7CB92: no user ID for key signature packet of class 10
gpg: key 786C63F330D7CB92: no user ID for key signature packet of class 10
gpg: key 786C63F330D7CB92: no user ID for key signature packet of class 10
gpg: key 786C63F330D7CB92: no user ID for key signature packet of class 10
gpg: key 786C63F330D7CB92: no user ID for key signature packet of class 10
gpg: key 786C63F330D7CB92: no user ID for key signature packet of class 10
gpg: key 786C63F330D7CB92: no user ID for key signature packet of class 10
gpg: key 1EB2638FF56C0C53: no user ID for key signature packet of class 10
gpg: key 1EB2638FF56C0C53: no user ID for key signature packet of class 10
gpg: marginals needed: 3  completes needed: 1  trust model: pgp
gpg: depth: 0  valid:   1  signed:   6  trust: 0-, 0q, 0n, 0m, 0f, 1u
gpg: depth: 1  valid:   6  signed:  83  trust: 0-, 0q, 0n, 6m, 0f, 0u
gpg: depth: 2  valid:  79  signed:  25  trust: 79-, 0q, 0n, 0m, 0f, 0u
gpg: next trustdb check due at 2021-12-01
  -> Disabled 2 keys.
==> Updating trust database...
gpg: next trustdb check due at 2021-12-01
==> Updating trust database...
gpg: next trustdb check due at 2021-12-01
upgrading util-linux-libs...
upgrading e2fsprogs...
upgrading openssl...
upgrading krb5...
upgrading audit...
upgrading glib2...
upgrading libcap...
upgrading libgcrypt...
upgrading systemd-libs...
upgrading avahi...
upgrading bubblewrap...
upgrading ca-certificates-mozilla...
upgrading nss...
upgrading cryptsetup...
upgrading libseccomp...
upgrading util-linux...
upgrading systemd...
upgrading snappy...
upgrading libxml2...
upgrading freetype2...
upgrading harfbuzz...
upgrading re2...
upgrading libxslt...
upgrading dav1d...
upgrading libmfx...
upgrading libssh...
upgrading zimg...
upgrading libedit...
upgrading llvm-libs...
upgrading vulkan-icd-loader...
upgrading mesa...
upgrading libwacom...
upgrading pango...
upgrading libsamplerate...
upgrading libibus...
upgrading json-glib...
upgrading gtk-update-icon-cache...
upgrading iso-codes...
upgrading wayland-protocols...
upgrading glib-networking...
upgrading libsoup...
upgrading chromium...
upgrading enchant...
upgrading firefox...
upgrading geoclue...
upgrading git...
upgrading glib2-docs...
upgrading libnsl...
upgrading python...
upgrading glslang...
upgrading gpm...
upgrading run-parts...
upgrading graphviz...
upgrading vim-runtime...
upgrading gvim...
upgrading gzip...
upgrading harfbuzz-icu...
upgrading iproute2...
upgrading js78...
upgrading lib32-e2fsprogs...
upgrading lib32-vulkan-icd-loader...
upgrading lib32-openssl...
upgrading lib32-krb5...
upgrading lib32-libidn2...
upgrading lib32-libxml2...
upgrading lib32-mesa...
upgrading lib32-glu...
upgrading libarchive...
upgrading shaderc...
upgrading libplacebo...
upgrading linux...
upgrading linux-firmware...
upgrading linux-lts...
upgrading python-packaging...
upgrading python-setuptools...
upgrading meson...
upgrading noto-fonts-cjk...
upgrading nvidia...
upgrading nvidia-lts...
upgrading ocl-icd...
upgrading pacman-mirrorlist...
upgrading pacman...
upgrading perl-http-daemon...
upgrading perl-libwww...
upgrading python-cairo...
upgrading qt5-base...
upgrading qt5-declarative...
upgrading qt5-webengine...
upgrading systemd-sysvcompat...
upgrading unclutter...
upgrading wget...
upgrading xorg-xrdb...
upgrading xscreensaver...
:: Running post-transaction hooks...
( 1/19) Creating system user accounts...
( 2/19) Updating journal message catalog...
( 3/19) Reloading system manager configuration...
( 4/19) Updating udev hardware database...
( 5/19) Applying kernel sysctl settings...
( 6/19) Creating temporary files...
( 7/19) Reloading device manager configuration...
( 8/19) Arming ConditionNeedsUpdate...
( 9/19) Rebuilding certificate stores...
(10/19) Updating module dependencies...
(11/19) Updating linux initcpios...
==> Building image from preset: /etc/mkinitcpio.d/linux-lts.preset: 'default'
  -> -k /boot/vmlinuz-linux-lts -c /etc/mkinitcpio.conf -g /boot/initramfs-linux-lts.img
==> Starting build: 5.10.63-1-lts
  -> Running build hook: [base]
  -> Running build hook: [udev]
  -> Running build hook: [autodetect]
  -> Running build hook: [modconf]
  -> Running build hook: [block]
==> WARNING: Possibly missing firmware for module: xhci_pci
  -> Running build hook: [filesystems]
  -> Running build hook: [keyboard]
  -> Running build hook: [fsck]
==> Generating module dependencies
==> Creating zstd-compressed initcpio image: /boot/initramfs-linux-lts.img
==> Image generation successful
==> Building image from preset: /etc/mkinitcpio.d/linux-lts.preset: 'fallback'
  -> -k /boot/vmlinuz-linux-lts -c /etc/mkinitcpio.conf -g /boot/initramfs-linux-lts-fallback.img -S autodetect
==> Starting build: 5.10.63-1-lts
  -> Running build hook: [base]
  -> Running build hook: [udev]
  -> Running build hook: [modconf]
  -> Running build hook: [block]
==> WARNING: Possibly missing firmware for module: wd719x
==> WARNING: Possibly missing firmware for module: aic94xx
==> WARNING: Possibly missing firmware for module: xhci_pci
  -> Running build hook: [filesystems]
  -> Running build hook: [keyboard]
  -> Running build hook: [fsck]
==> Generating module dependencies
==> Creating zstd-compressed initcpio image: /boot/initramfs-linux-lts-fallback.img
==> Image generation successful
==> Building image from preset: /etc/mkinitcpio.d/linux.preset: 'default'
  -> -k /boot/vmlinuz-linux -c /etc/mkinitcpio.conf -g /boot/initramfs-linux.img
==> Starting build: 5.14.2-arch1-2
  -> Running build hook: [base]
  -> Running build hook: [udev]
  -> Running build hook: [autodetect]
  -> Running build hook: [modconf]
  -> Running build hook: [block]
==> WARNING: Possibly missing firmware for module: xhci_pci
  -> Running build hook: [filesystems]
  -> Running build hook: [keyboard]
  -> Running build hook: [fsck]
==> Generating module dependencies
==> Creating zstd-compressed initcpio image: /boot/initramfs-linux.img
==> Image generation successful
==> Building image from preset: /etc/mkinitcpio.d/linux.preset: 'fallback'
  -> -k /boot/vmlinuz-linux -c /etc/mkinitcpio.conf -g /boot/initramfs-linux-fallback.img -S autodetect
==> Starting build: 5.14.2-arch1-2
  -> Running build hook: [base]
  -> Running build hook: [udev]
  -> Running build hook: [modconf]
  -> Running build hook: [block]
==> WARNING: Possibly missing firmware for module: wd719x
==> WARNING: Possibly missing firmware for module: aic94xx
==> WARNING: Possibly missing firmware for module: xhci_pci
  -> Running build hook: [filesystems]
  -> Running build hook: [keyboard]
  -> Running build hook: [fsck]
==> Generating module dependencies
==> Creating zstd-compressed initcpio image: /boot/initramfs-linux-fallback.img
==> Image generation successful
(12/19) Reloading system bus configuration...
(13/19) Warn about old perl modules
(14/19) Updating fontconfig cache...
(15/19) Updating GIO module cache...
(16/19) Updating icon theme caches...
(17/19) Updating the info directory file...
(18/19) Updating the desktop file MIME type cache...
(19/19) Updating X fontdir indices...
